This is pdfTeX, Version 3.14159265-2.6-1.40.19 (TeX Live 2018) (preloaded format=pdfjadetex 2020.12.16)  16 DEC 2020 00:28
entering extended mode
 restricted \write18 enabled.
 %&-line parsing enabled.
**cssed-manual-pdf.tex
(/home/iago/files/projects/sf/cssed/cssed-doc/cssed-manual-pdf.tex
JadeTeX 2003/04/27: 3.13
LaTeX Font Info:    Try loading font information for T1+ptm on input line 1.
(/usr/share/texlive/texmf-dist/tex/latex/psnfss/t1ptm.fd
File: t1ptm.fd 2001/06/04 font definitions for T1/ptm.
)
(/home/iago/files/projects/sf/cssed/cssed-doc/jadetex.cfg
(/usr/share/texlive/texmf-dist/tex/generic/babel/babel.sty
Package: babel 2018/01/24 3.17 The Babel package

(/usr/share/texlive/texmf-dist/tex/generic/babel/switch.def
File: switch.def 2018/01/24 3.17 Babel switching mechanism
)
(/usr/share/texlive/texmf-dist/tex/generic/babel-english/english.ldf
Language: english 2017/06/06 v3.3r English support from the babel system

(/usr/share/texlive/texmf-dist/tex/generic/babel/babel.def
File: babel.def 2018/01/24 3.17 Babel common definitions

(/usr/share/texlive/texmf-dist/tex/generic/babel/switch.def
File: switch.def 2018/01/24 3.17 Babel switching mechanism
)
\babel@savecnt=\count120
\U@D=\dimen135

(/usr/share/texlive/texmf-dist/tex/generic/babel/txtbabel.def)
\bbl@dirlevel=\count121
)
\l@british = a dialect from \language\l@english 
\l@UKenglish = a dialect from \language\l@english 
\l@canadian = a dialect from \language\l@american 
\l@australian = a dialect from \language\l@british 
\l@newzealand = a dialect from \language\l@british 
)

! Package babel Error: Unknown option `french'. Either you misspelled it
(babel)                or the language definition file french.ldf was not found
.

See the babel package documentation for explanation.
Type  H <return>  for immediate help.
 ...                                              
                                                  
l.434 \ProcessOptions*
                      
Valid options are: shorthands=, KeepShorthandsActive,
activeacute, activegrave, noconfigs, safe=, main=, math=
headfoot=, strings=, config=, hyphenmap=, or a language name.

) (/usr/share/texlive/texmf-dist/tex/generic/thumbpdf/thumbpdf.sty
Package: thumbpdf 2014/07/15 v3.16 Inclusion of thumbnails (HO)


Package thumbpdf Warning: Compressed PDF objects of PDF 1.5 are not supported.


Package thumbpdf Warning: Thumbnail data file `cssed-manual-pdf.tpt' not found.


) (/usr/share/texlive/texmf-dist/tex/latex/base/fontenc.sty
Package: fontenc 2017/04/05 v2.0i Standard LaTeX package

(/usr/share/texlive/texmf-dist/tex/latex/base/t1enc.def
File: t1enc.def 2017/04/05 v2.0i Standard LaTeX file
LaTeX Font Info:    Redeclaring font encoding T1 on input line 48.
))
(/usr/share/texlive/texmf-dist/tex/latex/ae/ae.sty
Package: ae 2001/02/12 1.3 Almost European Computer Modern

(/usr/share/texlive/texmf-dist/tex/latex/base/fontenc.sty
Package: fontenc 2017/04/05 v2.0i Standard LaTeX package

(/usr/share/texlive/texmf-dist/tex/latex/base/t1enc.def
File: t1enc.def 2017/04/05 v2.0i Standard LaTeX file
LaTeX Font Info:    Redeclaring font encoding T1 on input line 48.
)
LaTeX Font Info:    Try loading font information for T1+aer on input line 105.

(/usr/share/texlive/texmf-dist/tex/latex/ae/t1aer.fd
File: t1aer.fd 1997/11/16 Font definitions for T1/aer.
)))
(/usr/share/texlive/texmf-dist/tex/latex/ae/aecompl.sty
Package: aecompl 1998/07/23 0.9 T1 Complements for AE fonts (D. Roegel)
)

Package hyperref Warning: Option `a4paper' is no longer used.

Package hyperref Info: Option `plainpages' set `false' on input line 45.
Package hyperref Info: Option `colorlinks' set `true' on input line 45.
Package hyperref Info: Option `bookmarksopen' set `true' on input line 45.
Package hyperref Info: Option `colorlinks' set `true' on input line 45.
Package hyperref Info: Option `breaklinks' set `true' on input line 45.
)
Elements will be labelled
Jade begin document sequence at 21
No file cssed-manual-pdf.aux.
\openout1 = `cssed-manual-pdf.aux'.

LaTeX Font Info:    Checking defaults for OML/cmm/m/it on input line 21.
LaTeX Font Info:    ... okay on input line 21.
LaTeX Font Info:    Checking defaults for T1/cmr/m/n on input line 21.
LaTeX Font Info:    ... okay on input line 21.
LaTeX Font Info:    Checking defaults for OT1/cmr/m/n on input line 21.
LaTeX Font Info:    ... okay on input line 21.
LaTeX Font Info:    Checking defaults for OMS/cmsy/m/n on input line 21.
LaTeX Font Info:    ... okay on input line 21.
LaTeX Font Info:    Checking defaults for OMX/cmex/m/n on input line 21.
LaTeX Font Info:    ... okay on input line 21.
LaTeX Font Info:    Checking defaults for U/cmr/m/n on input line 21.
LaTeX Font Info:    ... okay on input line 21.
LaTeX Font Info:    Checking defaults for PD1/pdf/m/n on input line 21.
LaTeX Font Info:    ... okay on input line 21.
LaTeX Font Info:    Checking defaults for T3/ptm/m/n on input line 21.
LaTeX Font Info:    Try loading font information for T3+ptm on input line 21.
(/usr/share/texlive/texmf-dist/tex/latex/tipa/t3ptm.fd
File: t3ptm.fd 2001/12/31 TIPA font definitions
)
LaTeX Font Info:    ... okay on input line 21.
LaTeX Font Info:    Checking defaults for TS1/cmr/m/n on input line 21.
LaTeX Font Info:    Try loading font information for TS1+cmr on input line 21.

(/usr/share/texlive/texmf-dist/tex/latex/base/ts1cmr.fd
File: ts1cmr.fd 2014/09/29 v2.5h Standard LaTeX font definitions
)
LaTeX Font Info:    ... okay on input line 21.
LaTeX Font Info:    Checking defaults for LECO/omseco/m/n on input line 21.
LaTeX Font Info:    ... okay on input line 21.
LaTeX Font Info:    Checking defaults for LECX/omsecx/m/n on input line 21.
LaTeX Font Info:    ... okay on input line 21.
LaTeX Font Info:    Checking defaults for LECY/omsecy/m/n on input line 21.
LaTeX Font Info:    ... okay on input line 21.
LaTeX Font Info:    Checking defaults for LEGR/omsegr/m/n on input line 21.
LaTeX Font Info:    ... okay on input line 21.
LaTeX Font Info:    Checking defaults for LEHA/omseha/m/n on input line 21.
LaTeX Font Info:    ... okay on input line 21.
LaTeX Font Info:    Checking defaults for LEIP/omseip/m/n on input line 21.
LaTeX Font Info:    ... okay on input line 21.
LaTeX Font Info:    Checking defaults for LELA/omsela/m/n on input line 21.
LaTeX Font Info:    ... okay on input line 21.
LaTeX Font Info:    Checking defaults for LETI/omseti/m/n on input line 21.
LaTeX Font Info:    ... okay on input line 21.

(/usr/share/texlive/texmf-dist/tex/context/base/mkii/supp-pdf.mkii
[Loading MPS to PDF converter (version 2006.09.02).]
\scratchcounter=\count122
\scratchdimen=\dimen136
\scratchbox=\box62
\nofMPsegments=\count123
\nofMParguments=\count124
\everyMPshowfont=\toks23
\MPscratchCnt=\count125
\MPscratchDim=\dimen137
\MPnumerator=\count126
\makeMPintoPDFobject=\count127
\everyMPtoPDFconversion=\toks24
) (/usr/share/texlive/texmf-dist/tex/latex/oberdiek/epstopdf-base.sty
Package: epstopdf-base 2016/05/15 v2.6 Base part for package epstopdf

(/usr/share/texlive/texmf-dist/tex/latex/oberdiek/grfext.sty
Package: grfext 2016/05/16 v1.2 Manage graphics extensions (HO)
)
Package epstopdf-base Info: Redefining graphics rule for `.eps' on input line 4
38.
Package grfext Info: Graphics extension search list:
(grfext)             [.pdf,.png,.jpg,.tif,.eps]
(grfext)             \AppendGraphicsExtensions on input line 456.

(/usr/share/texlive/texmf-dist/tex/latex/latexconfig/epstopdf-sys.cfg
File: epstopdf-sys.cfg 2010/07/13 v1.3 Configuration of (r)epstopdf for TeX Liv
e
))
\AtBeginShipoutBox=\box63
Package hyperref Info: Link coloring ON on input line 21.

(/usr/share/texlive/texmf-dist/tex/latex/hyperref/nameref.sty
Package: nameref 2016/05/21 v2.44 Cross-referencing by name of section

(/usr/share/texlive/texmf-dist/tex/generic/oberdiek/gettitlestring.sty
Package: gettitlestring 2016/05/16 v1.5 Cleanup title references (HO)
)
\c@section@level=\count128
)
LaTeX Info: Redefining \ref on input line 21.
LaTeX Info: Redefining \pageref on input line 21.
LaTeX Info: Redefining \nameref on input line 21.
\@outlinefile=\write3
\openout3 = `cssed-manual-pdf.out'.

LaTeX Font Info:    Try loading font information for T1+aess on input line 106.


(/usr/share/texlive/texmf-dist/tex/latex/ae/t1aess.fd
File: t1aess.fd 1997/11/16 Font definitions for T1/aess.
)
LaTeX Font Info:    Try loading font information for T1+phv on input line 157.

(/usr/share/texlive/texmf-dist/tex/latex/psnfss/t1phv.fd
File: t1phv.fd 2001/06/04 scalable font definitions for T1/phv.
)
LaTeX Font Info:    Font shape `T1/phv/bx/it' in size <29.859> not available
(Font)              Font shape `T1/phv/b/it' tried instead on input line 157.
LaTeX Font Info:    Font shape `T1/phv/b/it' in size <29.859> not available
(Font)              Font shape `T1/phv/b/sl' tried instead on input line 157.
 [1.0.28{/usr/share/texlive/texmf-dist/fonts/map/pdftex/updmap/pdftex.map}]
LaTeX Font Info:    Try loading font information for U+msa on input line 570.

(/usr/share/texlive/texmf-dist/tex/latex/amsfonts/umsa.fd
File: umsa.fd 2013/01/14 v3.01 AMS symbols A
)
LaTeX Font Info:    Try loading font information for U+msb on input line 570.

(/usr/share/texlive/texmf-dist/tex/latex/amsfonts/umsb.fd
File: umsb.fd 2013/01/14 v3.01 AMS symbols B
)
LaTeX Font Info:    Try loading font information for U+wasy on input line 570.

(/usr/share/texlive/texmf-dist/tex/latex/wasysym/uwasy.fd
File: uwasy.fd 2003/10/30 v2.0 Wasy-2 symbol font definitions
)
LaTeX Font Info:    Try loading font information for U+stmry on input line 570.


(/usr/share/texlive/texmf-dist/tex/latex/stmaryrd/Ustmry.fd)
LaTeX Font Info:    Try loading font information for TS1+aer on input line 683.

LaTeX Font Info:    No file TS1aer.fd. on input line 683.


LaTeX Font Warning: Font shape `TS1/aer/m/n' undefined
(Font)              using `TS1/cmr/m/n' instead
(Font)              for symbol `textcopyright' on input line 683.

[2.0.28]
LaTeX Font Info:    Font shape `T1/ptm/bx/n' in size <10> not available
(Font)              Font shape `T1/ptm/b/n' tried instead on input line 818.


LaTeX Warning: Reference `INTRO' on page iii undefined on input line 818.


LaTeX Warning: Reference `PREFACE-WHAT-IS-CSSED' on page iii undefined on input
 line 846.


LaTeX Warning: Reference `PREFACE-WHAT-IS-CSS' on page iii undefined on input l
ine 873.


LaTeX Warning: Reference `PREFACE-FURTHER-INFO' on page iii undefined on input 
line 897.


LaTeX Warning: Reference `PREFACE-WHO-MUST-READ' on page iii undefined on input
 line 920.


LaTeX Warning: Reference `NEWS' on page iii undefined on input line 952.


LaTeX Warning: Reference `NEWS-PLUGINS' on page iii undefined on input line 976
.


LaTeX Warning: Reference `NEWS-PLUGINS-OFFICIAL' on page iii undefined on input
 line 1000.


LaTeX Warning: Reference `NEWS-PLUGINS-UNOFFICIAL' on page iii undefined on inp
ut line 1023.


LaTeX Warning: Reference `NEWS-MENU' on page iii undefined on input line 1046.


LaTeX Warning: Reference `NEWS-MENU-FILE' on page iii undefined on input line 1
070.


LaTeX Warning: Reference `NEWS-MENU-VIEW' on page iii undefined on input line 1
093.


LaTeX Warning: Reference `NEWS-MENU-DOCUMENT' on page iii undefined on input li
ne 1116.


LaTeX Warning: Reference `NEWS-MENU-CSS' on page iii undefined on input line 11
39.


LaTeX Warning: Reference `NEWS-MENU-HELP' on page iii undefined on input line 1
162.


LaTeX Warning: Reference `NEWS-OTHER' on page iii undefined on input line 1185.



LaTeX Warning: Reference `INSTALL' on page iii undefined on input line 1219.


LaTeX Warning: Reference `INSTALL-EASY' on page iii undefined on input line 124
3.


LaTeX Warning: Reference `INSTALL-RPM' on page iii undefined on input line 1267
.


LaTeX Warning: Reference `INSTALL-DEBIAN' on page iii undefined on input line 1
290.


LaTeX Warning: Reference `INSTALL-GENTOO' on page iii undefined on input line 1
313.


LaTeX Warning: Reference `INSTALL-MAC' on page iii undefined on input line 1336
.


LaTeX Warning: Reference `INSTALL-WINDOWS' on page iii undefined on input line 
1359.


LaTeX Warning: Reference `BUILDING-FROM-SOURCE' on page iii undefined on input 
line 1386.


LaTeX Warning: Reference `CONFIGURE-OPTIONS' on page iii undefined on input lin
e 1410.


LaTeX Warning: Reference `BUILDING-FROM-CVS' on page iii undefined on input lin
e 1433.


LaTeX Warning: Reference `INSTALL-PLUGINS' on page iii undefined on input line 
1456.


LaTeX Warning: Reference `INTERFACE' on page iii undefined on input line 1490.


LaTeX Warning: Reference `INTERFACE-DESCRIPTION' on page iii undefined on input
 line 1514.


LaTeX Warning: Reference `INTERFACE-MENU' on page iii undefined on input line 1
537.


LaTeX Warning: Reference `INTERFACE-FILE-MENU' on page iii undefined on input l
ine 1561.


LaTeX Warning: Reference `INTERFACE-EDIT-MENU' on page iii undefined on input l
ine 1584.


LaTeX Warning: Reference `INTERFACE-VIEW-MENU' on page iii undefined on input l
ine 1607.


LaTeX Warning: Reference `INTERFACE-DOCUMENT-MENU' on page iii undefined on inp
ut line 1630.


LaTeX Warning: Reference `INTERFACE-CSS-MENU' on page iii undefined on input li
ne 1657.


LaTeX Warning: Reference `INTERFACE-TOOLS-MENU' on page iii undefined on input 
line 1680.


LaTeX Warning: Reference `INTERFACE-PANELS-MENU' on page iii undefined on input
 line 1703.


LaTeX Warning: Reference `INTERFACE-PLUGINS-MENU' on page iii undefined on inpu
t line 1726.


LaTeX Warning: Reference `INTERFACE-HELP-MENU' on page iii undefined on input l
ine 1749.


LaTeX Warning: Reference `INTERFACE-BOOKMARKS' on page iii undefined on input l
ine 1772.


LaTeX Warning: Reference `INTERFACE-EDITOR' on page iii undefined on input line
 1795.


LaTeX Warning: Reference `INTERFACE-SIDE-PANEL' on page iii undefined on input 
line 1818.


LaTeX Warning: Reference `INTERFACE-FOOTER' on page iii undefined on input line
 1841.


LaTeX Warning: Reference `USAGE' on page iii undefined on input line 1879.


LaTeX Warning: Reference `USAGE-LAUNCHING' on page iii undefined on input line 
1907.


LaTeX Warning: Reference `USAGE-CONFIGURE' on page iii undefined on input line 
1934.


LaTeX Warning: Reference `USAGE-EDITOR' on page iii undefined on input line 195
7.


LaTeX Warning: Reference `USAGE-SETTING-DOCUMENT-PREFERENCES' on page iii undef
ined on input line 1981.


LaTeX Warning: Reference `USAGE-AUTO-COMPLETION' on page iii undefined on input
 line 2004.


LaTeX Warning: Reference `USAGE-AUTOCOMPLETION-ANNOYANCES' on page iii undefine
d on input line 2027.


LaTeX Warning: Reference `USAGE-SELECT-TEXTBLOCKS' on page iii undefined on inp
ut line 2050.


LaTeX Warning: Reference `USAGE-INDENT-TEXTBLOCKS' on page iii undefined on inp
ut line 2073.


LaTeX Warning: Reference `USAGE-FORCE-ENCODINGS' on page iii undefined on input
 line 2096.


LaTeX Warning: Reference `USAGE-CHARACTER-SET' on page iii undefined on input l
ine 2119.


LaTeX Warning: Reference `USAGE-TREEVIEW' on page iii undefined on input line 2
142.

[3.0.28


]

LaTeX Warning: Reference `USAGE-SELECTOR-SCANNER' on page iv undefined on input
 line 2165.


LaTeX Warning: Reference `USAGE-DIGEST' on page iv undefined on input line 2188
.


LaTeX Warning: Reference `USAGE-SCRATCH-STATIC-PADS' on page iv undefined on in
put line 2211.


LaTeX Warning: Reference `USAGE-OUTPUT-WINDOW' on page iv undefined on input li
ne 2234.


LaTeX Warning: Reference `USAGE-CSS-MENU' on page iv undefined on input line 22
61.


LaTeX Warning: Reference `USAGE-SELECTOR-WIZARD' on page iv undefined on input 
line 2284.


LaTeX Warning: Reference `USAGE-SYNTAX-VALIDATOR' on page iv undefined on input
 line 2307.


LaTeX Warning: Reference `PLUGINS' on page iv undefined on input line 2341.


LaTeX Warning: Reference `ACCELERATOR-KEYS' on page iv undefined on input line 
2375.


LaTeX Warning: Reference `CONFIGURATION' on page iv undefined on input line 240
9.


LaTeX Warning: Reference `CONFIGURATION-DIALOG' on page iv undefined on input l
ine 2433.


LaTeX Warning: Reference `CONFIGURATION-DOC-SETTINGS' on page iv undefined on i
nput line 2457.


LaTeX Warning: Reference `CONFIGURATION-HIGHLIGHTING' on page iv undefined on i
nput line 2480.


LaTeX Warning: Reference `CONFIGURATION-FONTS' on page iv undefined on input li
ne 2503.


LaTeX Warning: Reference `CONFIGURATION-CONFIG-FILE' on page iv undefined on in
put line 2526.


LaTeX Warning: Reference `CONFIGURATION-CSS-DEFINITION-FILE' on page iv undefin
ed on input line 2553.


LaTeX Warning: Reference `CONFIGURATION-DTD-DEFINITION' on page iv undefined on
 input line 2576.


LaTeX Warning: Reference `CONFIGURATION-BUILTINS-DIALOGS' on page iv undefined 
on input line 2599.


LaTeX Warning: Reference `DEVEL' on page iv undefined on input line 2633.


LaTeX Warning: Reference `DEVEL-STATE' on page iv undefined on input line 2657.



LaTeX Warning: Reference `DEVEL-IMPLEMENTED-FEATURES' on page iv undefined on i
nput line 2681.


LaTeX Warning: Reference `DEVEL-PLANNED-FEATURES' on page iv undefined on input
 line 2704.


LaTeX Warning: Reference `DEVEL-HELP' on page iv undefined on input line 2727.

[4.0.28]

LaTeX Warning: Reference `FIGURE-CSSED-UI-SMALL' on page v undefined on input l
ine 2851.


LaTeX Warning: Reference `FIGURE-MENUTOOLBARS' on page v undefined on input lin
e 2876.


LaTeX Warning: Reference `FIGURE-FILEMENU' on page v undefined on input line 29
01.


LaTeX Warning: Reference `FIGURE-MAINTOOLBAR1' on page v undefined on input lin
e 2926.


LaTeX Warning: Reference `FIGURE-EDITMENU' on page v undefined on input line 29
51.


LaTeX Warning: Reference `FIGURE-MAINTOOLBAR2-4' on page v undefined on input l
ine 2976.


LaTeX Warning: Reference `FIGURE-MAINTOOLBAR7' on page v undefined on input lin
e 3001.


LaTeX Warning: Reference `FIGURE-VIEWMENU' on page v undefined on input line 30
26.


LaTeX Warning: Reference `FIGURE-DOCUMENTMENU' on page v undefined on input lin
e 3051.


LaTeX Warning: Reference `FIGURE-EOLCONVERTMENU' on page v undefined on input l
ine 3076.


LaTeX Warning: Reference `FIGURE-FOLDMENU' on page v undefined on input line 31
01.


LaTeX Warning: Reference `FIGURE-HIGHLIGHTINGMENU' on page v undefined on input
 line 3126.


LaTeX Warning: Reference `FIGURE-ENCODINGMENU' on page v undefined on input lin
e 3151.


LaTeX Warning: Reference `FIGURE-CHARSETMENU' on page v undefined on input line
 3176.


LaTeX Warning: Reference `FIGURE-TABBGCOLORMENU' on page v undefined on input l
ine 3201.


LaTeX Warning: Reference `FIGURE-CSSMENU' on page v undefined on input line 323
0.


LaTeX Warning: Reference `FIGURE-CSSDIALOGSMENU' on page v undefined on input l
ine 3259.


LaTeX Warning: Reference `FIGURE-CSSPROPERTIESMENU' on page v undefined on inpu
t line 3288.


LaTeX Warning: Reference `FIGURE-CSSBORDERMENU' on page v undefined on input li
ne 3317.


LaTeX Warning: Reference `FIGURE-SECONDTOOLBAR1' on page v undefined on input l
ine 3346.


LaTeX Warning: Reference `FIGURE-MARGINALLDIALOG' on page v undefined on input 
line 3371.


LaTeX Warning: Reference `FIGURE-BORDERALLDIALOG' on page v undefined on input 
line 3396.


LaTeX Warning: Reference `FIGURE-PADDINGALLDIALOG' on page v undefined on input
 line 3421.


LaTeX Warning: Reference `FIGURE-FONTDIALOG' on page v undefined on input line 
3446.


LaTeX Warning: Reference `FIGURE-COLORDIALOG' on page v undefined on input line
 3471.


LaTeX Warning: Reference `FIGURE-CSSCOMMONMENU' on page v undefined on input li
ne 3500.


LaTeX Warning: Reference `FIGURE-CSSFUNCTIONSMENU' on page v undefined on input
 line 3529.


LaTeX Warning: Reference `FIGURE-BOXWIZARD1' on page v undefined on input line 
3554.


LaTeX Warning: Reference `FIGURE-BOXWIZARD2' on page v undefined on input line 
3579.


LaTeX Warning: Reference `FIGURE-BOXWIZARD3' on page v undefined on input line 
3604.


LaTeX Warning: Reference `FIGURE-SELWIZSINGLE' on page v undefined on input lin
e 3629.


LaTeX Warning: Reference `FIGURE-SELWIZCHILD' on page v undefined on input line
 3654.


LaTeX Warning: Reference `FIGURE-SELWIZCLASS' on page v undefined on input line
 3679.


LaTeX Warning: Reference `FIGURE-SELWIZSIBLING' on page v undefined on input li
ne 3704.


LaTeX Warning: Reference `FIGURE-SELWIZCONTEXT' on page v undefined on input li
ne 3729.


LaTeX Warning: Reference `FIGURE-COLORWIZARD' on page v undefined on input line
 3754.


LaTeX Warning: Reference `FIGURE-SECONTOOLBAR2' on page v undefined on input li
ne 3779.


LaTeX Warning: Reference `FIGURE-SECONDTOOLBAR3' on page v undefined on input l
ine 3804.


LaTeX Warning: Reference `FIGURE-TOOLSMENU' on page v undefined on input line 3
829.


LaTeX Warning: Reference `FIGURE-SECONDTOOLBAR4' on page v undefined on input l
ine 3854.


LaTeX Warning: Reference `FIGURE-PANELSMENU' on page v undefined on input line 
3879.


LaTeX Warning: Reference `FIGURE-MAINTOOLBAR6' on page v undefined on input lin
e 3904.


LaTeX Warning: Reference `FIGURE-PLUGINSMENU' on page v undefined on input line
 3929.


LaTeX Warning: Reference `FIGURE-PLUGINSDIALOG' on page v undefined on input li
ne 3954.


LaTeX Warning: Reference `FIGURE-HELPMENU' on page v undefined on input line 39
79.


LaTeX Warning: Reference `FIGURE-MAINTOOLBAR5' on page v undefined on input lin
e 4004.


LaTeX Warning: Reference `FIGURE-NOTEBOOK' on page v undefined on input line 40
29.


LaTeX Warning: Reference `FIGURE-SIDEPANEL' on page v undefined on input line 4
054.


LaTeX Warning: Reference `FIGURE-SELECTORSCAN' on page v undefined on input lin
e 4079.


LaTeX Warning: Reference `FIGURE-TREEVIEW' on page v undefined on input line 41
08.


LaTeX Warning: Reference `FIGURE-DIGEST' on page v undefined on input line 4133
.


LaTeX Warning: Reference `FIGURE-PROGRAMOUTPUT' on page v undefined on input li
ne 4158.


LaTeX Warning: Reference `FIGURE-SCRATPAD' on page v undefined on input line 41
83.


LaTeX Warning: Reference `FIGURE-TERMINAL' on page v undefined on input line 42
08.


LaTeX Warning: Reference `FIGURE-MULTIPLEFILES' on page v undefined on input li
ne 4233.


LaTeX Warning: Reference `FIGURE-POPUPMENU' on page v undefined on input line 4
258.


LaTeX Warning: Reference `FIGURE-FOLDINGALL' on page v undefined on input line 
4283.

[5.0.28


]

LaTeX Warning: Reference `FIGURE-HIGHLIGHTINGSH' on page vi undefined on input 
line 4308.


LaTeX Warning: Reference `FIGURE-DOCUMENTSETTINGS' on page vi undefined on inpu
t line 4333.


LaTeX Warning: Reference `FIGURE-DIGEST-USING' on page vi undefined on input li
ne 4358.


LaTeX Warning: Reference `FIGURE-PREFERENCES1' on page vi undefined on input li
ne 4383.


LaTeX Warning: Reference `FIGURE-PREFERENCES2' on page vi undefined on input li
ne 4408.


LaTeX Warning: Reference `FIGURE-PREFERENCES3' on page vi undefined on input li
ne 4433.

[6.0.28]

LaTeX Font Warning: Font shape `T1/aess/bx/it' undefined
(Font)              using `T1/aess/bx/n' instead on input line 4570.

[7.0.28


] [8.0.28


] [9.0.28] [10.0.28]
<./images/warning.pdf, id=841, pagebox=cropbox, 12.045pt x 12.045pt>
File: ./images/warning.pdf Graphic file (type pdf)
<use ./images/warning.pdf>
Package pdftex.def Info: ./images/warning.pdf  used on input line 8124. on inpu
t line 8124.
Package pdftex.def Info: Requested size: 12.04495pt x 12.04495pt on input line 
8124.
 [11.0.28pdfTeX warning (ext4): destination with the same identifier (name{NEWS
-MENU-CSS}) has been already used, duplicate ignored

\AtBegShi@Output ...ipout \box \AtBeginShipoutBox 
                                                  \fi \fi 
l.8220 ...DisplayGroup{}\endNode{}\endSeq{}\endSpS
                                                  {}\endNode{}\Node% <./images/
warning.pdf>] [12.0.28


]pdfTeX warning (ext4): destination with the same identifier (name{page.1}) has
 been already used, duplicate ignored
<to be read again> 
                   \relax 
l.9053 {1}}
           To install the binary on Mac OS X:\endPar{}\endNode{}\Par% [1.0.28]p
dfTeX warning (ext4): destination with the same identifier (name{page.2}) has b
een already used, duplicate ignored
<to be read again> 
                   \relax 
l.9832 {1}}
           \DisplayGroup% [2.0.28]
<./images/important.pdf, id=1007, pagebox=cropbox, 12.045pt x 12.045pt>
File: ./images/important.pdf Graphic file (type pdf)
<use ./images/important.pdf>
Package pdftex.def Info: ./images/important.pdf  used on input line 9847. on in
put line 9847.
Package pdftex.def Info: Requested size: 12.04495pt x 12.04495pt on input line 
9847.
File: ./images/warning.pdf Graphic file (type pdf)
<use ./images/warning.pdf>
Package pdftex.def Info: ./images/warning.pdf  used on input line 10163. on inp
ut line 10163.
Package pdftex.def Info: Requested size: 12.04495pt x 12.04495pt on input line 
10163.
<./images/note.pdf, id=1012, pagebox=cropbox, 12.045pt x 12.045pt>
File: ./images/note.pdf Graphic file (type pdf)
<use ./images/note.pdf>
Package pdftex.def Info: ./images/note.pdf  used on input line 10309. on input 
line 10309.
Package pdftex.def Info: Requested size: 12.04495pt x 12.04495pt on input line 
10309.
 [3.0.28 <./images/important.pdf> <./images/note.pdf>] [4.0.28


]
<figures/cssed-ui-small.pdf, id=1074, pagebox=cropbox, 523.88521pt x 401.44379p
t>
File: figures/cssed-ui-small.pdf Graphic file (type pdf)
<use figures/cssed-ui-small.pdf>
Package pdftex.def Info: figures/cssed-ui-small.pdf  used on input line 10576. 
on input line 10576.
Package pdftex.def Info: Requested size: 523.88393pt x 401.4428pt on input line
 10576.
 [5.0.28 </home/iago/files/projects/sf/cssed/cssed-doc/figures/cssed-ui-small.p
df>]
<figures/menutoolbars.pdf, id=1108, pagebox=cropbox, 543.9572pt x 58.20937pt>
File: figures/menutoolbars.pdf Graphic file (type pdf)
<use figures/menutoolbars.pdf>
Package pdftex.def Info: figures/menutoolbars.pdf  used on input line 10851. on
 input line 10851.
Package pdftex.def Info: Requested size: 543.95587pt x 58.20921pt on input line
 10851.

Overfull \hbox (8.68088pt too wide) detected at line 10851
[] 
 []

File: ./images/note.pdf Graphic file (type pdf)
<use ./images/note.pdf>
Package pdftex.def Info: ./images/note.pdf  used on input line 10912. on input 
line 10912.
Package pdftex.def Info: Requested size: 12.04495pt x 12.04495pt on input line 
10912.
<figures/filemenu.pdf, id=1109, pagebox=cropbox, 135.48718pt x 226.81638pt>
File: figures/filemenu.pdf Graphic file (type pdf)
<use figures/filemenu.pdf>
Package pdftex.def Info: figures/filemenu.pdf  used on input line 11026. on inp
ut line 11026.
Package pdftex.def Info: Requested size: 135.48683pt x 226.81581pt on input lin
e 11026.
<./images/tip.pdf, id=1110, pagebox=cropbox, 12.045pt x 12.045pt>
File: ./images/tip.pdf Graphic file (type pdf)
<use ./images/tip.pdf>
Package pdftex.def Info: ./images/tip.pdf  used on input line 11218. on input l
ine 11218.
Package pdftex.def Info: Requested size: 12.04495pt x 12.04495pt on input line 
11218.
[6.0.28pdfTeX warning (ext4): destination with the same identifier (name{INTERF
ACE-MENU}) has been already used, duplicate ignored

\AtBegShi@Output ...ipout \box \AtBeginShipoutBox 
                                                  \fi \fi 
l.11234 {1}}
            \Node% </home/iago/files/projects/sf/cssed/cssed-doc/figures/menuto
olbars.pdf> </home/iago/files/projects/sf/cssed/cssed-doc/figures/filemenu.pdf>
]
<figures/maintoolbar1.pdf, id=1148, pagebox=cropbox, 181.65366pt x 39.14082pt>
File: figures/maintoolbar1.pdf Graphic file (type pdf)
<use figures/maintoolbar1.pdf>
Package pdftex.def Info: figures/maintoolbar1.pdf  used on input line 11270. on
 input line 11270.
Package pdftex.def Info: Requested size: 181.6532pt x 39.14072pt on input line 
11270.
File: ./images/note.pdf Graphic file (type pdf)
<use ./images/note.pdf>
Package pdftex.def Info: ./images/note.pdf  used on input line 11312. on input 
line 11312.
Package pdftex.def Info: Requested size: 12.04495pt x 12.04495pt on input line 
11312.
<figures/editmenu.pdf, id=1149, pagebox=cropbox, 180.64992pt x 238.85938pt>
File: figures/editmenu.pdf Graphic file (type pdf)
<use figures/editmenu.pdf>
Package pdftex.def Info: figures/editmenu.pdf  used on input line 11421. on inp
ut line 11421.
Package pdftex.def Info: Requested size: 180.64946pt x 238.85878pt on input lin
e 11421.
File: ./images/tip.pdf Graphic file (type pdf)
<use ./images/tip.pdf>
Package pdftex.def Info: ./images/tip.pdf  used on input line 11582. on input l
ine 11582.
Package pdftex.def Info: Requested size: 12.04495pt x 12.04495pt on input line 
11582.
<figures/maintoolbar2-4.pdf, id=1150, pagebox=cropbox, 280.0071pt x 39.14082pt>

File: figures/maintoolbar2-4.pdf Graphic file (type pdf)
<use figures/maintoolbar2-4.pdf>
Package pdftex.def Info: figures/maintoolbar2-4.pdf  used on input line 11634. 
on input line 11634.
Package pdftex.def Info: Requested size: 280.00641pt x 39.14072pt on input line
 11634.
 [7.0.28 <./images/tip.pdf> </home/iago/files/projects/sf/cssed/cssed-doc/figur
es/maintoolbar1.pdf> </home/iago/files/projects/sf/cssed/cssed-doc/figures/edit
menu.pdf> </home/iago/files/projects/sf/cssed/cssed-doc/figures/maintoolbar2-4.
pdf>]
<figures/maintoolbar7.pdf, id=1192, pagebox=cropbox, 44.15887pt x 37.13364pt>
File: figures/maintoolbar7.pdf Graphic file (type pdf)
<use figures/maintoolbar7.pdf>
Package pdftex.def Info: figures/maintoolbar7.pdf  used on input line 11695. on
 input line 11695.
Package pdftex.def Info: Requested size: 44.15875pt x 37.13353pt on input line 
11695.
File: ./images/note.pdf Graphic file (type pdf)
<use ./images/note.pdf>
Package pdftex.def Info: ./images/note.pdf  used on input line 11737. on input 
line 11737.
Package pdftex.def Info: Requested size: 12.04495pt x 12.04495pt on input line 
11737.
<figures/viewmenu.pdf, id=1193, pagebox=cropbox, 132.47693pt x 138.49843pt>
File: figures/viewmenu.pdf Graphic file (type pdf)
<use figures/viewmenu.pdf>
Package pdftex.def Info: figures/viewmenu.pdf  used on input line 11847. on inp
ut line 11847.
Package pdftex.def Info: Requested size: 132.4766pt x 138.49808pt on input line
 11847.
<figures/documentmenu.pdf, id=1194, pagebox=cropbox, 180.64992pt x 264.95288pt>

File: figures/documentmenu.pdf Graphic file (type pdf)
<use figures/documentmenu.pdf>
Package pdftex.def Info: figures/documentmenu.pdf  used on input line 12089. on
 input line 12089.
Package pdftex.def Info: Requested size: 180.64946pt x 264.95222pt on input lin
e 12089.
 [8.0.28 </home/iago/files/projects/sf/cssed/cssed-doc/figures/maintoolbar7.pdf
> </home/iago/files/projects/sf/cssed/cssed-doc/figures/viewmenu.pdf>]
<figures/eolconvertmenu.pdf, id=1227, pagebox=cropbox, 510.83746pt x 264.95288p
t>
File: figures/eolconvertmenu.pdf Graphic file (type pdf)
<use figures/eolconvertmenu.pdf>
Package pdftex.def Info: figures/eolconvertmenu.pdf  used on input line 12250. 
on input line 12250.
Package pdftex.def Info: Requested size: 510.83621pt x 264.95222pt on input lin
e 12250.

[9.0.28 </home/iago/files/projects/sf/cssed/cssed-doc/figures/documentmenu.pdf>
 </home/iago/files/projects/sf/cssed/cssed-doc/figures/eolconvertmenu.pdf>]
<figures/foldmenu.pdf, id=1255, pagebox=cropbox, 246.88838pt x 266.96037pt>
File: figures/foldmenu.pdf Graphic file (type pdf)
<use figures/foldmenu.pdf>
Package pdftex.def Info: figures/foldmenu.pdf  used on input line 12336. on inp
ut line 12336.
Package pdftex.def Info: Requested size: 246.88777pt x 266.9597pt on input line
 12336.
<figures/highlightingmenu.pdf, id=1256, pagebox=cropbox, 300.0791pt x 353.2708p
t>
File: figures/highlightingmenu.pdf Graphic file (type pdf)
<use figures/highlightingmenu.pdf>
Package pdftex.def Info: figures/highlightingmenu.pdf  used on input line 12422
. on input line 12422.
Package pdftex.def Info: Requested size: 300.07835pt x 353.26993pt on input lin
e 12422.

[10.0.28 </home/iago/files/projects/sf/cssed/cssed-doc/figures/foldmenu.pdf> </
home/iago/files/projects/sf/cssed/cssed-doc/figures/highlightingmenu.pdf>]
<figures/encodingmenu.pdf, id=1275, pagebox=cropbox, 233.84163pt x 264.95288pt>

File: figures/encodingmenu.pdf Graphic file (type pdf)
<use figures/encodingmenu.pdf>
Package pdftex.def Info: figures/encodingmenu.pdf  used on input line 12508. on
 input line 12508.
Package pdftex.def Info: Requested size: 233.84105pt x 264.95222pt on input lin
e 12508.
File: ./images/warning.pdf Graphic file (type pdf)
<use ./images/warning.pdf>
Package pdftex.def Info: ./images/warning.pdf  used on input line 12550. on inp
ut line 12550.
Package pdftex.def Info: Requested size: 12.04495pt x 12.04495pt on input line 
12550.
<figures/charactersetmenu.pdf, id=1276, pagebox=cropbox, 258.93135pt x 286.0286
pt>
File: figures/charactersetmenu.pdf Graphic file (type pdf)
<use figures/charactersetmenu.pdf>
Package pdftex.def Info: figures/charactersetmenu.pdf  used on input line 12627
. on input line 12627.
Package pdftex.def Info: Requested size: 258.93071pt x 286.02788pt on input lin
e 12627.

[11.0.28 </home/iago/files/projects/sf/cssed/cssed-doc/figures/encodingmenu.pdf
> </home/iago/files/projects/sf/cssed/cssed-doc/figures/charactersetmenu.pdf>]
<figures/tabbgcolormenu.pdf, id=1300, pagebox=cropbox, 326.17357pt x 353.2708pt
>
File: figures/tabbgcolormenu.pdf Graphic file (type pdf)
<use figures/tabbgcolormenu.pdf>
Package pdftex.def Info: figures/tabbgcolormenu.pdf  used on input line 12738. 
on input line 12738.
Package pdftex.def Info: Requested size: 326.17276pt x 353.26993pt on input lin
e 12738.
<figures/cssmenu.pdf, id=1301, pagebox=cropbox, 153.55267pt x 182.65741pt>
File: figures/cssmenu.pdf Graphic file (type pdf)
<use figures/cssmenu.pdf>
Package pdftex.def Info: figures/cssmenu.pdf  used on input line 12865. on inpu
t line 12865.
Package pdftex.def Info: Requested size: 153.55229pt x 182.65695pt on input lin
e 12865.

[12.0.28 </home/iago/files/projects/sf/cssed/cssed-doc/figures/tabbgcolormenu.p
df> </home/iago/files/projects/sf/cssed/cssed-doc/figures/cssmenu.pdf>]
<figures/cssdialogsmenu.pdf, id=1323, pagebox=cropbox, 309.11185pt x 182.65741p
t>
File: figures/cssdialogsmenu.pdf Graphic file (type pdf)
<use figures/cssdialogsmenu.pdf>
Package pdftex.def Info: figures/cssdialogsmenu.pdf  used on input line 12980. 
on input line 12980.
Package pdftex.def Info: Requested size: 309.11108pt x 182.65695pt on input lin
e 12980.
<figures/csspropertiesmenu.pdf, id=1324, pagebox=cropbox, 411.48029pt x 266.960
37pt>
File: figures/csspropertiesmenu.pdf Graphic file (type pdf)
<use figures/csspropertiesmenu.pdf>
Package pdftex.def Info: figures/csspropertiesmenu.pdf  used on input line 1310
2. on input line 13102.
Package pdftex.def Info: Requested size: 411.47928pt x 266.9597pt on input line
 13102.
<figures/cssbordermenu.pdf, id=1325, pagebox=cropbox, 435.56728pt x 266.96037pt
>
File: figures/cssbordermenu.pdf Graphic file (type pdf)
<use figures/cssbordermenu.pdf>
Package pdftex.def Info: figures/cssbordermenu.pdf  used on input line 13217. o
n input line 13217.
Package pdftex.def Info: Requested size: 435.56621pt x 266.9597pt on input line
 13217.

[13.0.28 </home/iago/files/projects/sf/cssed/cssed-doc/figures/cssdialogsmenu.p
df> </home/iago/files/projects/sf/cssed/cssed-doc/figures/csspropertiesmenu.pdf
>]
File: ./images/tip.pdf Graphic file (type pdf)
<use ./images/tip.pdf>
Package pdftex.def Info: ./images/tip.pdf  used on input line 13263. on input l
ine 13263.
Package pdftex.def Info: Requested size: 12.04495pt x 12.04495pt on input line 
13263.
File: ./images/note.pdf Graphic file (type pdf)
<use ./images/note.pdf>
Package pdftex.def Info: ./images/note.pdf  used on input line 13296. on input 
line 13296.
Package pdftex.def Info: Requested size: 12.04495pt x 12.04495pt on input line 
13296.
<figures/secondtoolbar1.pdf, id=1359, pagebox=cropbox, 226.81638pt x 38.13718pt
>
File: figures/secondtoolbar1.pdf Graphic file (type pdf)
<use figures/secondtoolbar1.pdf>
Package pdftex.def Info: figures/secondtoolbar1.pdf  used on input line 13348. 
on input line 13348.
Package pdftex.def Info: Requested size: 226.81581pt x 38.13707pt on input line
 13348.
<figures/marginalldialog.pdf, id=1360, pagebox=cropbox, 350.26056pt x 170.6134p
t>
File: figures/marginalldialog.pdf Graphic file (type pdf)
<use figures/marginalldialog.pdf>
Package pdftex.def Info: figures/marginalldialog.pdf  used on input line 13447.
 on input line 13447.
Package pdftex.def Info: Requested size: 350.2597pt x 170.61298pt on input line
 13447.
 [14.0.28 </home/iago/files/projects/sf/cssed/cssed-doc/figures/cssbordermenu.p
df> </home/iago/files/projects/sf/cssed/cssed-doc/figures/secondtoolbar1.pdf> <
/home/iago/files/projects/sf/cssed/cssed-doc/figures/marginalldialog.pdf>]
<figures/borderalldialog.pdf, id=1390, pagebox=cropbox, 458.65053pt x 404.45505
pt>
File: figures/borderalldialog.pdf Graphic file (type pdf)
<use figures/borderalldialog.pdf>
Package pdftex.def Info: figures/borderalldialog.pdf  used on input line 13533.
 on input line 13533.
Package pdftex.def Info: Requested size: 458.6494pt x 404.45406pt on input line
 13533.
<figures/paddingalldialog.pdf, id=1391, pagebox=cropbox, 371.33632pt x 210.7583
8pt>
File: figures/paddingalldialog.pdf Graphic file (type pdf)
<use figures/paddingalldialog.pdf>
Package pdftex.def Info: figures/paddingalldialog.pdf  used on input line 13619
. on input line 13619.
Package pdftex.def Info: Requested size: 371.3354pt x 210.75786pt on input line
 13619.

[15.0.28 </home/iago/files/projects/sf/cssed/cssed-doc/figures/borderalldialog.
pdf> </home/iago/files/projects/sf/cssed/cssed-doc/figures/paddingalldialog.pdf
>]
<figures/fontdialog.pdf, id=1415, pagebox=cropbox, 391.40831pt x 495.78323pt>
File: figures/fontdialog.pdf Graphic file (type pdf)
<use figures/fontdialog.pdf>
Package pdftex.def Info: figures/fontdialog.pdf  used on input line 13705. on i
nput line 13705.
Package pdftex.def Info: Requested size: 391.40733pt x 495.78203pt on input lin
e 13705.
<figures/colordialog.pdf, id=1416, pagebox=cropbox, 468.686pt x 360.29608pt>
File: figures/colordialog.pdf Graphic file (type pdf)
<use figures/colordialog.pdf>
Package pdftex.def Info: figures/colordialog.pdf  used on input line 13791. on 
input line 13791.
Package pdftex.def Info: Requested size: 468.68484pt x 360.2952pt on input line
 13791.
 [16.0.28 </home/iago/files/projects/sf/cssed/cssed-doc/figures/fontdialog.pdf>
]
<figures/csscommonmenu.pdf, id=1435, pagebox=cropbox, 438.57751pt x 200.7219pt>

File: figures/csscommonmenu.pdf Graphic file (type pdf)
<use figures/csscommonmenu.pdf>
Package pdftex.def Info: figures/csscommonmenu.pdf  used on input line 13877. o
n input line 13877.
Package pdftex.def Info: Requested size: 438.57643pt x 200.72139pt on input lin
e 13877.
 [17.0.28 </home/iago/files/projects/sf/cssed/cssed-doc/figures/colordialog.pdf
> </home/iago/files/projects/sf/cssed/cssed-doc/figures/csscommonmenu.pdf>]
<figures/cssfunctionsmenu.pdf, id=1458, pagebox=cropbox, 369.32881pt x 184.6639
pt>
File: figures/cssfunctionsmenu.pdf Graphic file (type pdf)
<use figures/cssfunctionsmenu.pdf>
Package pdftex.def Info: figures/cssfunctionsmenu.pdf  used on input line 13983
. on input line 13983.
Package pdftex.def Info: Requested size: 369.3279pt x 184.66344pt on input line
 13983.
<figures/boxwizard1.pdf, id=1459, pagebox=cropbox, 335.20634pt x 511.84122pt>
File: figures/boxwizard1.pdf Graphic file (type pdf)
<use figures/boxwizard1.pdf>
Package pdftex.def Info: figures/boxwizard1.pdf  used on input line 14189. on i
nput line 14189.
Package pdftex.def Info: Requested size: 335.20552pt x 511.83995pt on input lin
e 14189.

[18.0.28 </home/iago/files/projects/sf/cssed/cssed-doc/figures/cssfunctionsmenu
.pdf>]
<figures/boxwizard2.pdf, id=1482, pagebox=cropbox, 335.20634pt x 511.84122pt>
File: figures/boxwizard2.pdf Graphic file (type pdf)
<use figures/boxwizard2.pdf>
Package pdftex.def Info: figures/boxwizard2.pdf  used on input line 14275. on i
nput line 14275.
Package pdftex.def Info: Requested size: 335.20552pt x 511.83995pt on input lin
e 14275.
 [19.0.28 </home/iago/files/projects/sf/cssed/cssed-doc/figures/boxwizard1.pdf>
]
<figures/boxwizard3.pdf, id=1498, pagebox=cropbox, 336.20908pt x 529.90672pt>
File: figures/boxwizard3.pdf Graphic file (type pdf)
<use figures/boxwizard3.pdf>
Package pdftex.def Info: figures/boxwizard3.pdf  used on input line 14365. on i
nput line 14365.
Package pdftex.def Info: Requested size: 336.20824pt x 529.90543pt on input lin
e 14365.
 [20.0.28 </home/iago/files/projects/sf/cssed/cssed-doc/figures/boxwizard2.pdf>
]
<figures/selwizsingle.pdf, id=1514, pagebox=cropbox, 496.78699pt x 316.13708pt>

File: figures/selwizsingle.pdf Graphic file (type pdf)
<use figures/selwizsingle.pdf>
Package pdftex.def Info: figures/selwizsingle.pdf  used on input line 14485. on
 input line 14485.
Package pdftex.def Info: Requested size: 496.78577pt x 316.1363pt on input line
 14485.

Overfull \hbox (9.51077pt too wide) detected at line 14485
[] 
 []

[21.0.28 </home/iago/files/projects/sf/cssed/cssed-doc/figures/boxwizard3.pdf>]
<figures/selwizchild.pdf, id=1533, pagebox=cropbox, 496.78699pt x 316.13708pt>
File: figures/selwizchild.pdf Graphic file (type pdf)
<use figures/selwizchild.pdf>
Package pdftex.def Info: figures/selwizchild.pdf  used on input line 14571. on 
input line 14571.
Package pdftex.def Info: Requested size: 496.78577pt x 316.1363pt on input line
 14571.

Overfull \hbox (9.51077pt too wide) detected at line 14571
[] 
 []

[22.0.28 </home/iago/files/projects/sf/cssed/cssed-doc/figures/selwizsingle.pdf
> </home/iago/files/projects/sf/cssed/cssed-doc/figures/selwizchild.pdf>]
<figures/selwizclass.pdf, id=1554, pagebox=cropbox, 496.78699pt x 316.13708pt>
File: figures/selwizclass.pdf Graphic file (type pdf)
<use figures/selwizclass.pdf>
Package pdftex.def Info: figures/selwizclass.pdf  used on input line 14657. on 
input line 14657.
Package pdftex.def Info: Requested size: 496.78577pt x 316.1363pt on input line
 14657.

Overfull \hbox (9.51077pt too wide) detected at line 14657
[] 
 []

<figures/selwizsibling.pdf, id=1555, pagebox=cropbox, 496.78699pt x 316.13708pt
>
File: figures/selwizsibling.pdf Graphic file (type pdf)
<use figures/selwizsibling.pdf>
Package pdftex.def Info: figures/selwizsibling.pdf  used on input line 14743. o
n input line 14743.
Package pdftex.def Info: Requested size: 496.78577pt x 316.1363pt on input line
 14743.

Overfull \hbox (9.51077pt too wide) detected at line 14743
[] 
 []

[23.0.28 </home/iago/files/projects/sf/cssed/cssed-doc/figures/selwizclass.pdf>
]
<figures/selwizcontext.pdf, id=1574, pagebox=cropbox, 496.78699pt x 316.13708pt
>
File: figures/selwizcontext.pdf Graphic file (type pdf)
<use figures/selwizcontext.pdf>
Package pdftex.def Info: figures/selwizcontext.pdf  used on input line 14829. o
n input line 14829.
Package pdftex.def Info: Requested size: 496.78577pt x 316.1363pt on input line
 14829.

Overfull \hbox (9.51077pt too wide) detected at line 14829
[] 
 []

[24.0.28 </home/iago/files/projects/sf/cssed/cssed-doc/figures/selwizsibling.pd
f> </home/iago/files/projects/sf/cssed/cssed-doc/figures/selwizcontext.pdf>]
<figures/colorwizard.pdf, id=1595, pagebox=cropbox, 407.4663pt x 311.11934pt>
File: figures/colorwizard.pdf Graphic file (type pdf)
<use figures/colorwizard.pdf>
Package pdftex.def Info: figures/colorwizard.pdf  used on input line 14915. on 
input line 14915.
Package pdftex.def Info: Requested size: 407.46529pt x 311.11856pt on input lin
e 14915.
File: ./images/tip.pdf Graphic file (type pdf)
<use ./images/tip.pdf>
Package pdftex.def Info: ./images/tip.pdf  used on input line 14957. on input l
ine 14957.
Package pdftex.def Info: Requested size: 12.04495pt x 12.04495pt on input line 
14957.
<figures/secondtoolbar2.pdf, id=1596, pagebox=cropbox, 203.73314pt x 38.13718pt
>
File: figures/secondtoolbar2.pdf Graphic file (type pdf)
<use figures/secondtoolbar2.pdf>
Package pdftex.def Info: figures/secondtoolbar2.pdf  used on input line 15009. 
on input line 15009.
Package pdftex.def Info: Requested size: 203.73264pt x 38.13707pt on input line
 15009.
File: ./images/tip.pdf Graphic file (type pdf)
<use ./images/tip.pdf>
Package pdftex.def Info: ./images/tip.pdf  used on input line 15160. on input l
ine 15160.
Package pdftex.def Info: Requested size: 12.04495pt x 12.04495pt on input line 
15160.
<figures/secondtoolbar3.pdf, id=1597, pagebox=cropbox, 193.69666pt x 38.13718pt
>
File: figures/secondtoolbar3.pdf Graphic file (type pdf)
<use figures/secondtoolbar3.pdf>
Package pdftex.def Info: figures/secondtoolbar3.pdf  used on input line 15212. 
on input line 15212.
Package pdftex.def Info: Requested size: 193.69617pt x 38.13707pt on input line
 15212.

[25.0.28 </home/iago/files/projects/sf/cssed/cssed-doc/figures/colorwizard.pdf>
 </home/iago/files/projects/sf/cssed/cssed-doc/figures/secondtoolbar2.pdf>]
<figures/toolsmenu.pdf, id=1632, pagebox=cropbox, 157.56667pt x 84.30325pt>
File: figures/toolsmenu.pdf Graphic file (type pdf)
<use figures/toolsmenu.pdf>
Package pdftex.def Info: figures/toolsmenu.pdf  used on input line 15319. on in
put line 15319.
Package pdftex.def Info: Requested size: 157.56627pt x 84.30302pt on input line
 15319.
File: ./images/tip.pdf Graphic file (type pdf)
<use ./images/tip.pdf>
Package pdftex.def Info: ./images/tip.pdf  used on input line 15461. on input l
ine 15461.
Package pdftex.def Info: Requested size: 12.04495pt x 12.04495pt on input line 
15461.
<figures/secondtoolbar4.pdf, id=1633, pagebox=cropbox, 80.28886pt x 38.13718pt>

File: figures/secondtoolbar4.pdf Graphic file (type pdf)
<use figures/secondtoolbar4.pdf>
Package pdftex.def Info: figures/secondtoolbar4.pdf  used on input line 15513. 
on input line 15513.
Package pdftex.def Info: Requested size: 80.28867pt x 38.13707pt on input line 
15513.
<figures/panelsmenu.pdf, id=1634, pagebox=cropbox, 137.49467pt x 118.42644pt>
File: figures/panelsmenu.pdf Graphic file (type pdf)
<use figures/panelsmenu.pdf>
Package pdftex.def Info: figures/panelsmenu.pdf  used on input line 15620. on i
nput line 15620.
Package pdftex.def Info: Requested size: 137.49432pt x 118.42613pt on input lin
e 15620.

[26.0.28 </home/iago/files/projects/sf/cssed/cssed-doc/figures/secondtoolbar3.p
df> </home/iago/files/projects/sf/cssed/cssed-doc/figures/toolsmenu.pdf> </home
/iago/files/projects/sf/cssed/cssed-doc/figures/secondtoolbar4.pdf> </home/iago
/files/projects/sf/cssed/cssed-doc/figures/panelsmenu.pdf>]
File: ./images/note.pdf Graphic file (type pdf)
<use ./images/note.pdf>
Package pdftex.def Info: ./images/note.pdf  used on input line 15678. on input 
line 15678.
Package pdftex.def Info: Requested size: 12.04495pt x 12.04495pt on input line 
15678.
File: ./images/tip.pdf Graphic file (type pdf)
<use ./images/tip.pdf>
Package pdftex.def Info: ./images/tip.pdf  used on input line 15711. on input l
ine 15711.
Package pdftex.def Info: Requested size: 12.04495pt x 12.04495pt on input line 
15711.
<figures/maintoolbar6.pdf, id=1673, pagebox=cropbox, 153.55267pt x 39.14082pt>
File: figures/maintoolbar6.pdf Graphic file (type pdf)
<use figures/maintoolbar6.pdf>
Package pdftex.def Info: figures/maintoolbar6.pdf  used on input line 15763. on
 input line 15763.
Package pdftex.def Info: Requested size: 153.55229pt x 39.14072pt on input line
 15763.
<figures/pluginsmenu.pdf, id=1674, pagebox=cropbox, 100.36105pt x 66.23827pt>
File: figures/pluginsmenu.pdf Graphic file (type pdf)
<use figures/pluginsmenu.pdf>
Package pdftex.def Info: figures/pluginsmenu.pdf  used on input line 15870. on 
input line 15870.
Package pdftex.def Info: Requested size: 100.3608pt x 66.23808pt on input line 
15870.
<figures/pluginsdialog.pdf, id=1675, pagebox=cropbox, 526.89548pt x 178.64241pt
>
File: figures/pluginsdialog.pdf Graphic file (type pdf)
<use figures/pluginsdialog.pdf>
Package pdftex.def Info: figures/pluginsdialog.pdf  used on input line 15947. o
n input line 15947.
Package pdftex.def Info: Requested size: 526.89418pt x 178.64197pt on input lin
e 15947.
File: ./images/note.pdf Graphic file (type pdf)
<use ./images/note.pdf>
Package pdftex.def Info: ./images/note.pdf  used on input line 15989. on input 
line 15989.
Package pdftex.def Info: Requested size: 12.04495pt x 12.04495pt on input line 
15989.
<figures/helpmenu.pdf, id=1677, pagebox=cropbox, 280.0071pt x 153.55267pt>
File: figures/helpmenu.pdf Graphic file (type pdf)
<use figures/helpmenu.pdf>
Package pdftex.def Info: figures/helpmenu.pdf  used on input line 16109. on inp
ut line 16109.
Package pdftex.def Info: Requested size: 280.00641pt x 153.55229pt on input lin
e 16109.
 [27.0.28 </home/iago/files/projects/sf/cssed/cssed-doc/figures/maintoolbar6.pd
f> </home/iago/files/projects/sf/cssed/cssed-doc/figures/pluginsmenu.pdf> </hom
e/iago/files/projects/sf/cssed/cssed-doc/figures/pluginsdialog.pdf>]
File: ./images/important.pdf Graphic file (type pdf)
<use ./images/important.pdf>
Package pdftex.def Info: ./images/important.pdf  used on input line 16170. on i
nput line 16170.
Package pdftex.def Info: Requested size: 12.04495pt x 12.04495pt on input line 
16170.
File: ./images/tip.pdf Graphic file (type pdf)
<use ./images/tip.pdf>
Package pdftex.def Info: ./images/tip.pdf  used on input line 16265. on input l
ine 16265.
Package pdftex.def Info: Requested size: 12.04495pt x 12.04495pt on input line 
16265.
<figures/maintoolbar5.pdf, id=1709, pagebox=cropbox, 88.31775pt x 38.13718pt>
File: figures/maintoolbar5.pdf Graphic file (type pdf)
<use figures/maintoolbar5.pdf>
Package pdftex.def Info: figures/maintoolbar5.pdf  used on input line 16317. on
 input line 16317.
Package pdftex.def Info: Requested size: 88.31752pt x 38.13707pt on input line 
16317.
File: ./images/note.pdf Graphic file (type pdf)
<use ./images/note.pdf>
Package pdftex.def Info: ./images/note.pdf  used on input line 16359. on input 
line 16359.
Package pdftex.def Info: Requested size: 12.04495pt x 12.04495pt on input line 
16359.
File: ./images/tip.pdf Graphic file (type pdf)
<use ./images/tip.pdf>
Package pdftex.def Info: ./images/tip.pdf  used on input line 16460. on input l
ine 16460.
Package pdftex.def Info: Requested size: 12.04495pt x 12.04495pt on input line 
16460.
<figures/notebook.pdf, id=1710, pagebox=cropbox, 30.36455pt x 38.39474pt>
File: figures/notebook.pdf Graphic file (type pdf)
<use figures/notebook.pdf>
Package pdftex.def Info: figures/notebook.pdf  used on input line 16512. on inp
ut line 16512.
Package pdftex.def Info: Requested size: 30.36446pt x 38.39464pt on input line 
16512.
 [28.0.28 </home/iago/files/projects/sf/cssed/cssed-doc/figures/helpmenu.pdf> <
/home/iago/files/projects/sf/cssed/cssed-doc/figures/maintoolbar5.pdf> </home/i
ago/files/projects/sf/cssed/cssed-doc/figures/notebook.pdf>]
<figures/sidepanel.pdf, id=1746, pagebox=cropbox, 49.4364pt x 38.39474pt>
File: figures/sidepanel.pdf Graphic file (type pdf)
<use figures/sidepanel.pdf>
Package pdftex.def Info: figures/sidepanel.pdf  used on input line 16619. on in
put line 16619.
Package pdftex.def Info: Requested size: 49.43628pt x 38.39464pt on input line 
16619.
<figures/selectorscan.pdf, id=1747, pagebox=cropbox, 48.43265pt x 18.31905pt>
File: figures/selectorscan.pdf Graphic file (type pdf)
<use figures/selectorscan.pdf>
Package pdftex.def Info: figures/selectorscan.pdf  used on input line 16772. on
 input line 16772.
Package pdftex.def Info: Requested size: 48.43253pt x 18.31898pt on input line 
16772.
<figures/treeview.pdf, id=1748, pagebox=cropbox, 49.4364pt x 17.31529pt>
File: figures/treeview.pdf Graphic file (type pdf)
<use figures/treeview.pdf>
Package pdftex.def Info: figures/treeview.pdf  used on input line 16862. on inp
ut line 16862.
Package pdftex.def Info: Requested size: 49.43628pt x 17.31523pt on input line 
16862.
File: ./images/tip.pdf Graphic file (type pdf)
<use ./images/tip.pdf>
Package pdftex.def Info: ./images/tip.pdf  used on input line 16933. on input l
ine 16933.
Package pdftex.def Info: Requested size: 12.04495pt x 12.04495pt on input line 
16933.
<figures/digest.pdf, id=1749, pagebox=cropbox, 57.46669pt x 38.39474pt>
File: figures/digest.pdf Graphic file (type pdf)
<use figures/digest.pdf>
Package pdftex.def Info: figures/digest.pdf  used on input line 16985. on input
 line 16985.
Package pdftex.def Info: Requested size: 57.46654pt x 38.39464pt on input line 
16985.
 [29.0.28pdfTeX warning (ext4): destination with the same identifier (name{INTE
RFACE-SIDE-PANEL}) has been already used, duplicate ignored

\AtBegShi@Output ...ipout \box \AtBeginShipoutBox 
                                                  \fi \fi 
l.17142 {1}}
            \Node% </home/iago/files/projects/sf/cssed/cssed-doc/figures/sidepa
nel.pdf> </home/iago/files/projects/sf/cssed/cssed-doc/figures/selectorscan.pdf
> </home/iago/files/projects/sf/cssed/cssed-doc/figures/treeview.pdf> </home/ia
go/files/projects/sf/cssed/cssed-doc/figures/digest.pdf>]
<figures/programoutput.pdf, id=1803, pagebox=cropbox, 369.32881pt x 85.3069pt>
File: figures/programoutput.pdf Graphic file (type pdf)
<use figures/programoutput.pdf>
Package pdftex.def Info: figures/programoutput.pdf  used on input line 17162. o
n input line 17162.
Package pdftex.def Info: Requested size: 369.3279pt x 85.30667pt on input line 
17162.
<figures/scratchpad.pdf, id=1804, pagebox=cropbox, 369.32881pt x 85.3069pt>
File: figures/scratchpad.pdf Graphic file (type pdf)
<use figures/scratchpad.pdf>
Package pdftex.def Info: figures/scratchpad.pdf  used on input line 17264. on i
nput line 17264.
Package pdftex.def Info: Requested size: 369.3279pt x 85.30667pt on input line 
17264.
<figures/terminal.pdf, id=1805, pagebox=cropbox, 369.32881pt x 84.30325pt>
File: figures/terminal.pdf Graphic file (type pdf)
<use figures/terminal.pdf>
Package pdftex.def Info: figures/terminal.pdf  used on input line 17366. on inp
ut line 17366.
Package pdftex.def Info: Requested size: 369.3279pt x 84.30302pt on input line 
17366.
 [30.0.28 </home/iago/files/projects/sf/cssed/cssed-doc/figures/programoutput.p
df> </home/iago/files/projects/sf/cssed/cssed-doc/figures/scratchpad.pdf> </hom
e/iago/files/projects/sf/cssed/cssed-doc/figures/terminal.pdf>]
<figures/multiplefiles.pdf, id=1835, pagebox=cropbox, 369.32881pt x 317.14082pt
>
File: figures/multiplefiles.pdf Graphic file (type pdf)
<use figures/multiplefiles.pdf>
Package pdftex.def Info: figures/multiplefiles.pdf  used on input line 18128. o
n input line 18128.
Package pdftex.def Info: Requested size: 369.3279pt x 317.14005pt on input line
 18128.
 [31.0.28


]
File: ./images/note.pdf Graphic file (type pdf)
<use ./images/note.pdf>
Package pdftex.def Info: ./images/note.pdf  used on input line 18220. on input 
line 18220.
Package pdftex.def Info: Requested size: 12.04495pt x 12.04495pt on input line 
18220.
File: ./images/tip.pdf Graphic file (type pdf)
<use ./images/tip.pdf>
Package pdftex.def Info: ./images/tip.pdf  used on input line 18458. on input l
ine 18458.
Package pdftex.def Info: Requested size: 12.04495pt x 12.04495pt on input line 
18458.
 [32.0.28 </home/iago/files/projects/sf/cssed/cssed-doc/figures/multiplefiles.p
df>]

LaTeX Warning: File `figures/popupmenu.pdf' not found on input line 18516.


! Package pdftex.def Error: File `figures/popupmenu.pdf' not found: using draft
 setting.

See the pdftex.def package documentation for explanation.
Type  H <return>  for immediate help.
 ...                                              
                                                  
l.18516 {EPS}}
              \endNode{}\endNode{}\endSeq{}\endPar{}\endNode{}\endNode{}\end...

Try typing  <return>  to proceed.
If that doesn't work, type  X <return>  to quit.

<figures/foldingall.pdf, id=1938, pagebox=cropbox, 34.37964pt x 38.39474pt>
File: figures/foldingall.pdf Graphic file (type pdf)
<use figures/foldingall.pdf>
Package pdftex.def Info: figures/foldingall.pdf  used on input line 19083. on i
nput line 19083.
Package pdftex.def Info: Requested size: 34.37953pt x 38.39464pt on input line 
19083.
[33.0.28 </home/iago/files/projects/sf/cssed/cssed-doc/figures/foldingall.pdf>]
<figures/highlightingsh.pdf, id=1997, pagebox=cropbox, 515.85625pt x 394.41855p
t>
File: figures/highlightingsh.pdf Graphic file (type pdf)
<use figures/highlightingsh.pdf>
Package pdftex.def Info: figures/highlightingsh.pdf  used on input line 19267. 
on input line 19267.
Package pdftex.def Info: Requested size: 515.85498pt x 394.41757pt on input lin
e 19267.

Overfull \hbox (6.57999pt too wide) detected at line 19267
[] 
 []

[34.0.28 </home/iago/files/projects/sf/cssed/cssed-doc/figures/highlightingsh.p
df>]
File: ./images/important.pdf Graphic file (type pdf)
<use ./images/important.pdf>
Package pdftex.def Info: ./images/important.pdf  used on input line 19443. on i
nput line 19443.
Package pdftex.def Info: Requested size: 12.04495pt x 12.04495pt on input line 
19443.
<figures/documentsettings.pdf, id=2029, pagebox=cropbox, 35.38339pt x 38.39474p
t>
File: figures/documentsettings.pdf Graphic file (type pdf)
<use figures/documentsettings.pdf>
Package pdftex.def Info: figures/documentsettings.pdf  used on input line 19511
. on input line 19511.
Package pdftex.def Info: Requested size: 35.3833pt x 38.39464pt on input line 1
9511.
File: ./images/note.pdf Graphic file (type pdf)
<use ./images/note.pdf>
Package pdftex.def Info: ./images/note.pdf  used on input line 19553. on input 
line 19553.
Package pdftex.def Info: Requested size: 12.04495pt x 12.04495pt on input line 
19553.
<figures/autocompletion-1.pdf, id=2031, pagebox=cropbox, 147.5924pt x 87.35054p
t>
File: figures/autocompletion-1.pdf Graphic file (type pdf)
<use figures/autocompletion-1.pdf>
Package pdftex.def Info: figures/autocompletion-1.pdf  used on input line 19736
. on input line 19736.
Package pdftex.def Info: Requested size: 147.59203pt x 87.35033pt on input line
 19736.
<figures/autocompletion-2.pdf, id=2032, pagebox=cropbox, 146.58865pt x 86.3465p
t>
File: figures/autocompletion-2.pdf Graphic file (type pdf)
<use figures/autocompletion-2.pdf>
Package pdftex.def Info: figures/autocompletion-2.pdf  used on input line 19811
. on input line 19811.
Package pdftex.def Info: Requested size: 146.58827pt x 86.34628pt on input line
 19811.
<figures/autocompletion-3.pdf, id=2033, pagebox=cropbox, 122.49162pt x 44.17725
pt>
File: figures/autocompletion-3.pdf Graphic file (type pdf)
<use figures/autocompletion-3.pdf>
Package pdftex.def Info: figures/autocompletion-3.pdf  used on input line 19942
. on input line 19942.
Package pdftex.def Info: Requested size: 122.49132pt x 44.17712pt on input line
 19942.
 [35.0.28 </home/iago/files/projects/sf/cssed/cssed-doc/figures/documentsetting
s.pdf> </home/iago/files/projects/sf/cssed/cssed-doc/figures/autocompletion-1.p
df> </home/iago/files/projects/sf/cssed/cssed-doc/figures/autocompletion-2.pdf>
]
<figures/autocompletion-4.pdf, id=2086, pagebox=cropbox, 123.49538pt x 110.4436
2pt>
File: figures/autocompletion-4.pdf Graphic file (type pdf)
<use figures/autocompletion-4.pdf>
Package pdftex.def Info: figures/autocompletion-4.pdf  used on input line 19993
. on input line 19993.
Package pdftex.def Info: Requested size: 123.49506pt x 110.44334pt on input lin
e 19993.
File: ./images/note.pdf Graphic file (type pdf)
<use ./images/note.pdf>
Package pdftex.def Info: ./images/note.pdf  used on input line 20026. on input 
line 20026.
Package pdftex.def Info: Requested size: 12.04495pt x 12.04495pt on input line 
20026.
File: ./images/note.pdf Graphic file (type pdf)
<use ./images/note.pdf>
Package pdftex.def Info: ./images/note.pdf  used on input line 20132. on input 
line 20132.
Package pdftex.def Info: Requested size: 12.04495pt x 12.04495pt on input line 
20132.
File: ./images/important.pdf Graphic file (type pdf)
<use ./images/important.pdf>
Package pdftex.def Info: ./images/important.pdf  used on input line 20256. on i
nput line 20256.
Package pdftex.def Info: Requested size: 12.04495pt x 12.04495pt on input line 
20256.
File: ./images/tip.pdf Graphic file (type pdf)
<use ./images/tip.pdf>
Package pdftex.def Info: ./images/tip.pdf  used on input line 20351. on input l
ine 20351.
Package pdftex.def Info: Requested size: 12.04495pt x 12.04495pt on input line 
20351.
File: ./images/tip.pdf Graphic file (type pdf)
<use ./images/tip.pdf>
Package pdftex.def Info: ./images/tip.pdf  used on input line 20465. on input l
ine 20465.
Package pdftex.def Info: Requested size: 12.04495pt x 12.04495pt on input line 
20465.
 [36.0.28 </home/iago/files/projects/sf/cssed/cssed-doc/figures/autocompletion-
3.pdf> </home/iago/files/projects/sf/cssed/cssed-doc/figures/autocompletion-4.p
df>]
File: ./images/tip.pdf Graphic file (type pdf)
<use ./images/tip.pdf>
Package pdftex.def Info: ./images/tip.pdf  used on input line 21017. on input l
ine 21017.
Package pdftex.def Info: Requested size: 12.04495pt x 12.04495pt on input line 
21017.
File: ./images/tip.pdf Graphic file (type pdf)
<use ./images/tip.pdf>
Package pdftex.def Info: ./images/tip.pdf  used on input line 21084. on input l
ine 21084.
Package pdftex.def Info: Requested size: 12.04495pt x 12.04495pt on input line 
21084.
File: ./images/warning.pdf Graphic file (type pdf)
<use ./images/warning.pdf>
Package pdftex.def Info: ./images/warning.pdf  used on input line 21117. on inp
ut line 21117.
Package pdftex.def Info: Requested size: 12.04495pt x 12.04495pt on input line 
21117.
 [37.0.28]
File: ./images/note.pdf Graphic file (type pdf)
<use ./images/note.pdf>
Package pdftex.def Info: ./images/note.pdf  used on input line 21291. on input 
line 21291.
Package pdftex.def Info: Requested size: 12.04495pt x 12.04495pt on input line 
21291.
File: ./images/warning.pdf Graphic file (type pdf)
<use ./images/warning.pdf>
Package pdftex.def Info: ./images/warning.pdf  used on input line 21360. on inp
ut line 21360.
Package pdftex.def Info: Requested size: 12.04495pt x 12.04495pt on input line 
21360.


Package hyperref Warning: Difference (2) between bookmark levels is greater 
(hyperref)                than one, level fixed on input line 21867.

File: ./images/note.pdf Graphic file (type pdf)
<use ./images/note.pdf>
Package pdftex.def Info: ./images/note.pdf  used on input line 22020. on input 
line 22020.
Package pdftex.def Info: Requested size: 12.04495pt x 12.04495pt on input line 
22020.
[38.0.28]
<figures/digest-using.pdf, id=2308, pagebox=cropbox, 345.38637pt x 154.62067pt>

File: figures/digest-using.pdf Graphic file (type pdf)
<use figures/digest-using.pdf>
Package pdftex.def Info: figures/digest-using.pdf  used on input line 22542. on
 input line 22542.
Package pdftex.def Info: Requested size: 345.38551pt x 154.62027pt on input lin
e 22542.
 [39.0.28 </home/iago/files/projects/sf/cssed/cssed-doc/figures/digest-using.pd
f>]
File: ./images/tip.pdf Graphic file (type pdf)
<use ./images/tip.pdf>
Package pdftex.def Info: ./images/tip.pdf  used on input line 22712. on input l
ine 22712.
Package pdftex.def Info: Requested size: 12.04495pt x 12.04495pt on input line 
22712.
 [40.0.28] [41.0.28] [42.0.28


] [43.0.28] [44.0.28


]
File: ./images/note.pdf Graphic file (type pdf)
<use ./images/note.pdf>
Package pdftex.def Info: ./images/note.pdf  used on input line 23890. on input 
line 23890.
Package pdftex.def Info: Requested size: 12.04495pt x 12.04495pt on input line 
23890.
File: ./images/warning.pdf Graphic file (type pdf)
<use ./images/warning.pdf>
Package pdftex.def Info: ./images/warning.pdf  used on input line 23923. on inp
ut line 23923.
Package pdftex.def Info: Requested size: 12.04495pt x 12.04495pt on input line 
23923.

Overfull \hbox (1.99896pt too wide) in alignment at lines 23993--24071
 [] [] [] [] 
 []

<figures/icon01.pdf, id=2459, pagebox=cropbox, 30.10829pt x 30.10829pt>
File: figures/icon01.pdf Graphic file (type pdf)
<use figures/icon01.pdf>
Package pdftex.def Info: figures/icon01.pdf  used on input line 24282. on input
 line 24282.
Package pdftex.def Info: Requested size: 30.1082pt x 30.1082pt on input line 24
282.
<figures/icon02.pdf, id=2460, pagebox=cropbox, 30.10829pt x 30.10829pt>
File: figures/icon02.pdf Graphic file (type pdf)
<use figures/icon02.pdf>
Package pdftex.def Info: figures/icon02.pdf  used on input line 24405. on input
 line 24405.
Package pdftex.def Info: Requested size: 30.1082pt x 30.1082pt on input line 24
405.
<figures/icon05.pdf, id=2461, pagebox=cropbox, 30.10829pt x 30.10829pt>
File: figures/icon05.pdf Graphic file (type pdf)
<use figures/icon05.pdf>
Package pdftex.def Info: figures/icon05.pdf  used on input line 24528. on input
 line 24528.
Package pdftex.def Info: Requested size: 30.1082pt x 30.1082pt on input line 24
528.
<figures/icon33.pdf, id=2462, pagebox=cropbox, 23.13252pt x 23.13252pt>
File: figures/icon33.pdf Graphic file (type pdf)
<use figures/icon33.pdf>
Package pdftex.def Info: figures/icon33.pdf  used on input line 24713. on input
 line 24713.
Package pdftex.def Info: Requested size: 23.13245pt x 23.13245pt on input line 
24713.
<figures/icon03.pdf, id=2463, pagebox=cropbox, 30.10829pt x 30.10829pt>
File: figures/icon03.pdf Graphic file (type pdf)
<use figures/icon03.pdf>
Package pdftex.def Info: figures/icon03.pdf  used on input line 24836. on input
 line 24836.
Package pdftex.def Info: Requested size: 30.1082pt x 30.1082pt on input line 24
836.
<figures/icon04.pdf, id=2464, pagebox=cropbox, 30.10829pt x 30.10829pt>
File: figures/icon04.pdf Graphic file (type pdf)
<use figures/icon04.pdf>
Package pdftex.def Info: figures/icon04.pdf  used on input line 24947. on input
 line 24947.
Package pdftex.def Info: Requested size: 30.1082pt x 30.1082pt on input line 24
947.
<figures/icon11.pdf, id=2465, pagebox=cropbox, 30.10829pt x 30.10829pt>
File: figures/icon11.pdf Graphic file (type pdf)
<use figures/icon11.pdf>
Package pdftex.def Info: figures/icon11.pdf  used on input line 25333. on input
 line 25333.
Package pdftex.def Info: Requested size: 30.1082pt x 30.1082pt on input line 25
333.
<figures/icon12.pdf, id=2466, pagebox=cropbox, 30.10829pt x 30.10829pt>
File: figures/icon12.pdf Graphic file (type pdf)
<use figures/icon12.pdf>
Package pdftex.def Info: figures/icon12.pdf  used on input line 25444. on input
 line 25444.
Package pdftex.def Info: Requested size: 30.1082pt x 30.1082pt on input line 25
444.
<figures/icon06.pdf, id=2467, pagebox=cropbox, 30.10829pt x 30.10829pt>
File: figures/icon06.pdf Graphic file (type pdf)
<use figures/icon06.pdf>
Package pdftex.def Info: figures/icon06.pdf  used on input line 25567. on input
 line 25567.
Package pdftex.def Info: Requested size: 30.1082pt x 30.1082pt on input line 25
567.
<figures/icon07.pdf, id=2468, pagebox=cropbox, 30.10829pt x 30.10829pt>
File: figures/icon07.pdf Graphic file (type pdf)
<use figures/icon07.pdf>
Package pdftex.def Info: figures/icon07.pdf  used on input line 25690. on input
 line 25690.
Package pdftex.def Info: Requested size: 30.1082pt x 30.1082pt on input line 25
690.
<figures/icon08.pdf, id=2469, pagebox=cropbox, 30.10829pt x 30.10829pt>
File: figures/icon08.pdf Graphic file (type pdf)
<use figures/icon08.pdf>
Package pdftex.def Info: figures/icon08.pdf  used on input line 25813. on input
 line 25813.
Package pdftex.def Info: Requested size: 30.1082pt x 30.1082pt on input line 25
813.
<figures/icon09.pdf, id=2470, pagebox=cropbox, 30.10829pt x 30.10829pt>
File: figures/icon09.pdf Graphic file (type pdf)
<use figures/icon09.pdf>
Package pdftex.def Info: figures/icon09.pdf  used on input line 26035. on input
 line 26035.
Package pdftex.def Info: Requested size: 30.1082pt x 30.1082pt on input line 26
035.
<figures/icon10.pdf, id=2471, pagebox=cropbox, 30.10829pt x 30.10829pt>
File: figures/icon10.pdf Graphic file (type pdf)
<use figures/icon10.pdf>
Package pdftex.def Info: figures/icon10.pdf  used on input line 26158. on input
 line 26158.
Package pdftex.def Info: Requested size: 30.1082pt x 30.1082pt on input line 26
158.
<figures/icon19.pdf, id=2472, pagebox=cropbox, 30.10829pt x 30.10829pt>
File: figures/icon19.pdf Graphic file (type pdf)
<use figures/icon19.pdf>
Package pdftex.def Info: figures/icon19.pdf  used on input line 26269. on input
 line 26269.
Package pdftex.def Info: Requested size: 30.1082pt x 30.1082pt on input line 26
269.

Overfull \hbox (1.99896pt too wide) in alignment at lines 24071--26271
 [] [] [] [] 
 []


Overfull \hbox (1.99896pt too wide) in alignment at lines 26271--28111
 [] [] [] [] 
 []

[45.0.28 </home/iago/files/projects/sf/cssed/cssed-doc/figures/icon01.pdf> </ho
me/iago/files/projects/sf/cssed/cssed-doc/figures/icon02.pdf> </home/iago/files
/projects/sf/cssed/cssed-doc/figures/icon05.pdf> </home/iago/files/projects/sf/
cssed/cssed-doc/figures/icon33.pdf> </home/iago/files/projects/sf/cssed/cssed-d
oc/figures/icon03.pdf> </home/iago/files/projects/sf/cssed/cssed-doc/figures/ic
on04.pdf> </home/iago/files/projects/sf/cssed/cssed-doc/figures/icon11.pdf> </h
ome/iago/files/projects/sf/cssed/cssed-doc/figures/icon12.pdf> </home/iago/file
s/projects/sf/cssed/cssed-doc/figures/icon06.pdf> </home/iago/files/projects/sf
/cssed/cssed-doc/figures/icon07.pdf> </home/iago/files/projects/sf/cssed/cssed-
doc/figures/icon08.pdf> </home/iago/files/projects/sf/cssed/cssed-doc/figures/i
con09.pdf>]
Overfull \hbox (1.99896pt too wide) in alignment at lines 28111--30031
 [] [] [] [] 
 []

<figures/icon28.pdf, id=2539, pagebox=cropbox, 30.10829pt x 30.10829pt>
File: figures/icon28.pdf Graphic file (type pdf)
<use figures/icon28.pdf>
Package pdftex.def Info: figures/icon28.pdf  used on input line 30312. on input
 line 30312.
Package pdftex.def Info: Requested size: 30.1082pt x 30.1082pt on input line 30
312.
<figures/icon29.pdf, id=2540, pagebox=cropbox, 30.10829pt x 30.10829pt>
File: figures/icon29.pdf Graphic file (type pdf)
<use figures/icon29.pdf>
Package pdftex.def Info: figures/icon29.pdf  used on input line 30423. on input
 line 30423.
Package pdftex.def Info: Requested size: 30.1082pt x 30.1082pt on input line 30
423.
<figures/icon30.pdf, id=2541, pagebox=cropbox, 30.10829pt x 30.10829pt>
File: figures/icon30.pdf Graphic file (type pdf)
<use figures/icon30.pdf>
Package pdftex.def Info: figures/icon30.pdf  used on input line 30637. on input
 line 30637.
Package pdftex.def Info: Requested size: 30.1082pt x 30.1082pt on input line 30
637.
<figures/icon32.pdf, id=2542, pagebox=cropbox, 30.10829pt x 30.10829pt>
File: figures/icon32.pdf Graphic file (type pdf)
<use figures/icon32.pdf>
Package pdftex.def Info: figures/icon32.pdf  used on input line 30748. on input
 line 30748.
Package pdftex.def Info: Requested size: 30.1082pt x 30.1082pt on input line 30
748.
<figures/icon31.pdf, id=2543, pagebox=cropbox, 30.10829pt x 30.10829pt>
File: figures/icon31.pdf Graphic file (type pdf)
<use figures/icon31.pdf>
Package pdftex.def Info: figures/icon31.pdf  used on input line 30859. on input
 line 30859.
Package pdftex.def Info: Requested size: 30.1082pt x 30.1082pt on input line 30
859.
<figures/icon18.pdf, id=2544, pagebox=cropbox, 30.10829pt x 30.10829pt>
File: figures/icon18.pdf Graphic file (type pdf)
<use figures/icon18.pdf>
Package pdftex.def Info: figures/icon18.pdf  used on input line 31056. on input
 line 31056.
Package pdftex.def Info: Requested size: 30.1082pt x 30.1082pt on input line 31
056.
<figures/icon17.pdf, id=2545, pagebox=cropbox, 30.10829pt x 30.10829pt>
File: figures/icon17.pdf Graphic file (type pdf)
<use figures/icon17.pdf>
Package pdftex.def Info: figures/icon17.pdf  used on input line 31167. on input
 line 31167.
Package pdftex.def Info: Requested size: 30.1082pt x 30.1082pt on input line 31
167.
<figures/icon16.pdf, id=2546, pagebox=cropbox, 30.10829pt x 30.10829pt>
File: figures/icon16.pdf Graphic file (type pdf)
<use figures/icon16.pdf>
Package pdftex.def Info: figures/icon16.pdf  used on input line 31278. on input
 line 31278.
Package pdftex.def Info: Requested size: 30.1082pt x 30.1082pt on input line 31
278.
<figures/icon15.pdf, id=2547, pagebox=cropbox, 30.10829pt x 30.10829pt>
File: figures/icon15.pdf Graphic file (type pdf)
<use figures/icon15.pdf>
Package pdftex.def Info: figures/icon15.pdf  used on input line 31389. on input
 line 31389.
Package pdftex.def Info: Requested size: 30.1082pt x 30.1082pt on input line 31
389.

Overfull \hbox (1.99896pt too wide) in alignment at lines 30031--31914
 [] [] [] [] 
 []

[46.0.28 </home/iago/files/projects/sf/cssed/cssed-doc/figures/icon10.pdf> </ho
me/iago/files/projects/sf/cssed/cssed-doc/figures/icon19.pdf> </home/iago/files
/projects/sf/cssed/cssed-doc/figures/icon28.pdf>] [47.0.28 </home/iago/files/pr
ojects/sf/cssed/cssed-doc/figures/icon29.pdf> </home/iago/files/projects/sf/css
ed/cssed-doc/figures/icon30.pdf> </home/iago/files/projects/sf/cssed/cssed-doc/
figures/icon32.pdf> </home/iago/files/projects/sf/cssed/cssed-doc/figures/icon3
1.pdf> </home/iago/files/projects/sf/cssed/cssed-doc/figures/icon18.pdf> </home
/iago/files/projects/sf/cssed/cssed-doc/figures/icon17.pdf> </home/iago/files/p
rojects/sf/cssed/cssed-doc/figures/icon16.pdf> </home/iago/files/projects/sf/cs
sed/cssed-doc/figures/icon15.pdf>] [48.0.28


]

LaTeX Warning: File `figures/preferences1.pdf' not found on input line 32369.


! Package pdftex.def Error: File `figures/preferences1.pdf' not found: using dr
aft setting.

See the pdftex.def package documentation for explanation.
Type  H <return>  for immediate help.
 ...                                              
                                                  
l.32369 {EPS}}
              \endNode{}\endNode{}\endSeq{}\endPar{}\endNode{}\endNode{}\end...

Try typing  <return>  to proceed.
If that doesn't work, type  X <return>  to quit.


LaTeX Warning: File `figures/preferences2.pdf' not found on input line 32667.


! Package pdftex.def Error: File `figures/preferences2.pdf' not found: using dr
aft setting.

See the pdftex.def package documentation for explanation.
Type  H <return>  for immediate help.
 ...                                              
                                                  
l.32667 {EPS}}
              \endNode{}\endNode{}\endSeq{}\endPar{}\endNode{}\endNode{}\end...

Try typing  <return>  to proceed.
If that doesn't work, type  X <return>  to quit.

[49.0.28]

LaTeX Warning: File `figures/preferences3.pdf' not found on input line 33563.


! Package pdftex.def Error: File `figures/preferences3.pdf' not found: using dr
aft setting.

See the pdftex.def package documentation for explanation.
Type  H <return>  for immediate help.
 ...                                              
                                                  
l.33563 {EPS}}
              \endNode{}\endNode{}\endSeq{}\endPar{}\endNode{}\endNode{}\end...

Try typing  <return>  to proceed.
If that doesn't work, type  X <return>  to quit.

[50.0.28] [51.0.28] [52.0.28] [53.0.28] [54.0.28] [55.0.28] [56.0.28] [57.0.28


] [58.0.28]
Package atveryend Info: Empty hook `BeforeClearDocument' on input line 38257.
Package atveryend Info: Empty hook `AfterLastShipout' on input line 38257.
 (/home/iago/files/projects/sf/cssed/cssed-doc/cssed-manual-pdf.aux)
Package atveryend Info: Executing hook `AtVeryEndDocument' on input line 38257.

Package atveryend Info: Executing hook `AtEndAfterFileList' on input line 38257
.


Package rerunfilecheck Warning: File `cssed-manual-pdf.out' has changed.
(rerunfilecheck)                Rerun to get outlines right
(rerunfilecheck)                or use package `bookmark'.

Package rerunfilecheck Info: Checksums for `cssed-manual-pdf.out':
(rerunfilecheck)             Before: <no file>
(rerunfilecheck)             After:  F3E53DD185AF07FC8FFFC8C1099A28CC;4996.

LaTeX Font Warning: Some font shapes were not available, defaults substituted.


LaTeX Warning: There were undefined references.

Package atveryend Info: Empty hook `AtVeryVeryEnd' on input line 38257.
 ) 
Here is how much of TeX's memory you used:
 8074 strings out of 481766
 73541 string characters out of 6030815
 309458 words of memory out of 5000000
 22001 multiletter control sequences out of 15000+600000
 72190 words of font info for 152 fonts, out of 8000000 for 9000
 14 hyphenation exceptions out of 8191
 31i,13n,46p,697b,2946s stack positions out of 5000i,500n,10000p,200000b,80000s
{/usr/share/texlive/texmf-dist/fonts/enc/dvips/cm-super/cm-super-ts1.enc}{/us
r/share/texlive/texmf-dist/fonts/enc/dvips/base/8r.enc}</usr/share/texlive/texm
f-dist/fonts/type1/public/amsfonts/cm/cmbx10.pfb></usr/share/texlive/texmf-dist
/fonts/type1/public/amsfonts/cm/cmitt10.pfb></usr/share/texlive/texmf-dist/font
s/type1/public/amsfonts/cm/cmmi10.pfb></usr/share/texlive/texmf-dist/fonts/type
1/public/amsfonts/cm/cmr10.pfb></usr/share/texlive/texmf-dist/fonts/type1/publi
c/amsfonts/cm/cmr6.pfb></usr/share/texlive/texmf-dist/fonts/type1/public/amsfon
ts/cm/cmr8.pfb></usr/share/texlive/texmf-dist/fonts/type1/public/amsfonts/cm/cm
r9.pfb></usr/share/texlive/texmf-dist/fonts/type1/public/amsfonts/cm/cmss10.pfb
></usr/share/texlive/texmf-dist/fonts/type1/public/amsfonts/cm/cmss17.pfb></usr
/share/texlive/texmf-dist/fonts/type1/public/amsfonts/cm/cmss9.pfb></usr/share/
texlive/texmf-dist/fonts/type1/public/amsfonts/cm/cmssbx10.pfb></usr/share/texl
ive/texmf-dist/fonts/type1/public/amsfonts/cm/cmsy10.pfb></usr/share/texlive/te
xmf-dist/fonts/type1/public/amsfonts/cm/cmti10.pfb></usr/share/texlive/texmf-di
st/fonts/type1/public/amsfonts/cm/cmtt10.pfb></usr/share/texlive/texmf-dist/fon
ts/type1/public/amsfonts/cm/cmtt8.pfb></usr/share/texlive/texmf-dist/fonts/type
1/public/amsfonts/cm/cmtt9.pfb></usr/share/texlive/texmf-dist/fonts/type1/publi
c/cm-super/sfrm0700.pfb></usr/share/texlive/texmf-dist/fonts/type1/public/cm-su
per/sfrm0800.pfb></usr/share/texlive/texmf-dist/fonts/type1/public/cm-super/sfr
m1000.pfb></usr/share/texlive/texmf-dist/fonts/type1/urw/helvetic/uhvbo8a.pfb><
/usr/share/texlive/texmf-dist/fonts/type1/urw/times/utmb8a.pfb>
Output written on cssed-manual-pdf.pdf (70 pages, 1466278 bytes).
PDF statistics:
 3789 PDF objects out of 4296 (max. 8388607)
 3461 compressed objects within 35 object streams
 2143 named destinations out of 2487 (max. 500000)
 451 words of extra memory for PDF output out of 10000 (max. 10000000)

